TN:
SF:C:\Python Projects\Alpha-Finance-Tracker\Auth-Service\login_app\api\routers\auth_router.py
DA:1,1,iZxyVxKghy68kSkL8J24KA
DA:2,1,SgHtpy4TAKhCcRRv/I1awA
DA:3,1,qjsmskqPcOtBbZS3w7qQrg
DA:4,1,VNGZwOvMR5Bp0lKEbwlKYw
DA:5,1,5CT4HTHh4ANc7bThU/ZJlQ
DA:8,1,riZXudrEK7hzW5LyRL5yxQ
DA:10,1,QUED8kmZkQ3BKWzssg0C1Q
DA:13,1,SfK/bVXHTnEsPCP8SkZzMg
DA:14,1,jZil1jO9T0TjIyjCW/w5QQ
DA:30,1,MeeGFT9wYBxpsQJk8btI4Q
DA:33,1,HTYK7bdBS8WZJqt37G23PA
DA:34,1,GZJG2vhFAi0iyT/acWleNg
DA:48,1,+aii/cej0SjdJHOXiVoaiA
DA:51,1,h1NuYG+flLnfVkFBx/nrEw
DA:52,1,6j5UzxZqgDdwerZ/t/cSWg
DA:67,1,F2JyUUELxZfOTe5FcbCS8Q
DA:70,1,TrvpcD9sf6D0vRU/ngGa1A
DA:71,1,u4xdO4EyynQH0FXUHWqnHQ
DA:85,1,qOBrKmiPo1qTPXGUKvQweg
DA:88,1,JwvGMFrk4aHjum19OrGFZg
DA:89,1,2ATFA7f0dIio370SsMQQmw
DA:104,1,uTuo91hc40nWvUP55RVd5w
DA:107,1,GcPn0yGNv32BSAGxge+6BA
DA:108,1,K9cRoGs4sM9+rxJv6uut8Q
DA:123,1,8t4MQ3dIYQ0gRDgqqXct0g
LF:25
LH:25
end_of_record
TN:
SF:C:\Python Projects\Alpha-Finance-Tracker\Auth-Service\login_app\api\services\auth_service.py
DA:1,1,UfJocHz0gdJ9E0lT0wuxFw
DA:4,1,PcIhvOFB896vMCye13rmeg
DA:6,1,E0SqSeu0SXyToD6hk7XQ7A
DA:7,1,/gcuwdu9v7uks05B0bwJjw
DA:8,1,wJEzWn/+AHNiTZbyYxuzCQ
DA:10,1,v6r4095jWo/U/LmxHAaxvQ
DA:11,1,76k1gJoCMGvGZreHu35iMQ
DA:13,1,Dxuzll59fo/COoP9ZSDjLg
DA:14,1,lrmHaq+tHpZAcUmUzaeTXw
LF:9
LH:9
end_of_record
TN:
SF:C:\Python Projects\Alpha-Finance-Tracker\Auth-Service\login_app\api\services\token_service.py
DA:1,1,3PwcQGnZ0ZbSl2wgq1sBzg
DA:2,1,wDrExouJ5fvd8oj5MNV9QQ
DA:5,1,tFDCyN0bS2BveLpVj+XxSQ
DA:7,1,kJ/h3EmxJE2rUTuB4gAEbw
DA:8,1,bqPzZ06jhFK1dzz3w0NUog
DA:10,1,oncZrn1qHYvTt72nTe2mQA
DA:11,1,3EcWZKPLWOwe5EHADCfyZw
DA:13,1,KTnJI+fajJv1fvAkl/fwHQ
DA:14,1,UAZ+f6JEVYPtr9CFnDWxfw
DA:16,1,TpqA16WYsJTrlRwBb1+Whg
DA:17,1,uc+D0Fbc7UmA6j7jeOuQsw
DA:18,1,tpFkxHpixmtd97e3pEtd+Q
DA:20,1,+s0Kj3VmklZpSfEMVQ4RpQ
DA:22,1,VsYdod583tn9IGMYLSBDqA
DA:23,1,uc+D0Fbc7UmA6j7jeOuQsw
DA:24,1,x6OhUYNAEflwVPMbz/tRuQ
LF:16
LH:16
end_of_record
TN:
SF:C:\Python Projects\Alpha-Finance-Tracker\Auth-Service\login_app\database.py
DA:1,1,3dql3hazvCTFDRpUyhJ8+g
DA:3,1,hyoFs7Q2kEx+ZBdXo1gcBA
DA:4,1,3fOm3DkA091z0Q8FDEpq5w
DA:5,1,TjtQ0hJLnFmMl++nQgS2iw
DA:6,1,SARpxQfpJNTUgPOy1JQ77w
DA:7,1,TxEkDxszf+f9fzyDptX8QQ
DA:8,1,4mUSNFisLv47S+4QW9yvrg
DA:9,1,+o8wz7Dpy0zRkAdaFstR/Q
DA:12,1,DpT9saxk9c8a8gzwNFRy9A
DA:14,1,IigJO3ZV803b/ejhiQXcRw
DA:15,1,vsTKfQoVtjRDxEovtHDaWg
DA:23,1,fwEKzO21LpxQcI/3G3VhZg
DA:28,1,kzWfcyf7c1tRpe1X48ERfw
DA:24,0,pPRRpXRWGR5TscYyHUfFyQ
DA:25,0,QYVOOFKjNwh4xyytlCB0dQ
DA:26,0,6SviTYeRuDlx9rAjhD+tlA
DA:29,0,pPRRpXRWGR5TscYyHUfFyQ
DA:30,0,QYVOOFKjNwh4xyytlCB0dQ
DA:31,0,3FaocgexkGa9+kwCgWrQyg
DA:32,0,/JPrksBMxfnCOg7F0Xnhww
LF:20
LH:13
end_of_record
TN:
SF:C:\Python Projects\Alpha-Finance-Tracker\Auth-Service\login_app\models\access_token.py
DA:1,1,7Z9Lj4ed27Wf2hBX6jooEA
DA:2,1,usL6GpKXVxVT8icw7bX7uQ
DA:4,1,oBn3m+aX07XSXyLZ7hhJvQ
DA:5,1,np/w8HfIkwRCmaQpJ938aQ
DA:7,1,8WKRAC+J/qv4kGkNpAeINw
DA:8,1,92G/ezmjG0FeDT6gmNb1kg
DA:9,1,+y4OKSl7HoSEJPEaMBA1YQ
DA:11,1,ZI88TRQb2c3IrifCrqN8eg
DA:12,1,EUWeeZhms9JDe2qplh1ssg
DA:13,1,OFnByLyst52lgBeyJT+usw
DA:16,1,iijJutNDgAvdUJAnWDtH7A
DA:17,1,jn650DC+2djaHfo9x5pzjA
DA:19,1,yPinsd3w8/K8G6gz2MU2MA
DA:20,1,bqPzZ06jhFK1dzz3w0NUog
DA:21,1,obXsO7xI5A2K/DPKUyw5qg
DA:22,1,XEeHzKyPNUEYrwBr1qJxJA
DA:24,1,2LUgLlspo/JnUzId/tqUZg
DA:25,1,xjcDBnSwra0OiNOAYAwoHA
DA:26,1,3OmqgPPmBBCen7H6FYGrTQ
DA:30,1,VorV/qKD0y5PZJ9N+hUh/g
DA:31,1,xjcDBnSwra0OiNOAYAwoHA
DA:32,1,lNExmwOl0aMoI4fyCSeC/g
DA:33,1,cCzhnT+1tmGi11b28Pmfwg
DA:34,1,rqOSYv65nziWPZcVBXpkDg
DA:36,1,8gRTJMUBpjyipfPWl6W09Q
DA:37,1,d8xb0ptW4V2herMjqMDfjw
DA:38,1,+kUMKIsQk1ubLcacRbOePw
DA:40,1,xjcDBnSwra0OiNOAYAwoHA
DA:41,1,bhjG58WHFvkxAyO25orhbg
DA:42,1,pc79JQiMIZV7tO9w3F5byg
DA:44,1,xvqyN10rybVzmwVoXMjkyw
DA:45,1,MbvAdLFPiPDOBMmh5Dt/KA
DA:47,1,SB7nrEdMv46bW8EbNJVdIw
DA:48,1,+kUMKIsQk1ubLcacRbOePw
DA:50,1,o81oSaIRSeQV/eMf2hzuxQ
DA:51,1,Pwbrh4TVLjmt4YPlPSTaew
DA:53,1,jmtiO/5Rbn5+onsCY9AhZg
DA:58,1,FaMWZOH1aFQFngqWJFCoHA
DA:27,0,cCzhnT+1tmGi11b28Pmfwg
DA:28,0,rqOSYv65nziWPZcVBXpkDg
LF:40
LH:38
end_of_record
TN:
SF:C:\Python Projects\Alpha-Finance-Tracker\Auth-Service\login_app\models\base_models\token.py
DA:1,1,k81x/t5pGxLz/XFyvKTmJw
DA:4,1,+0zRWLqoQ3bQnmS/XvH16g
DA:6,1,XoVUOkRyu3PGO4dLV1agZw
DA:7,1,+MswoEELLosnXKKIj3/Bog
DA:10,1,XoVUOkRyu3PGO4dLV1agZw
DA:11,1,hPrA0XDroyafLeWEA8+JXg
DA:14,1,XoVUOkRyu3PGO4dLV1agZw
DA:15,1,9T7sA32oFDRSRgj7u84DJA
DA:18,1,XoVUOkRyu3PGO4dLV1agZw
DA:19,1,rh6gsvaCIimz5Crzini/3Q
DA:8,0,ZsPI7IOzVWacIAL6deimNw
DA:12,0,ZsPI7IOzVWacIAL6deimNw
DA:16,0,ZsPI7IOzVWacIAL6deimNw
DA:20,0,ZsPI7IOzVWacIAL6deimNw
LF:14
LH:10
end_of_record
TN:
SF:C:\Python Projects\Alpha-Finance-Tracker\Auth-Service\login_app\models\refresh_token.py
DA:1,1,7Z9Lj4ed27Wf2hBX6jooEA
DA:2,1,usL6GpKXVxVT8icw7bX7uQ
DA:4,1,oBn3m+aX07XSXyLZ7hhJvQ
DA:5,1,np/w8HfIkwRCmaQpJ938aQ
DA:7,1,92G/ezmjG0FeDT6gmNb1kg
DA:8,1,+y4OKSl7HoSEJPEaMBA1YQ
DA:10,1,ZI88TRQb2c3IrifCrqN8eg
DA:11,1,EUWeeZhms9JDe2qplh1ssg
DA:12,1,OFnByLyst52lgBeyJT+usw
DA:15,1,kxEPmoePN3s96mMTtxIVyA
DA:16,1,tPFPhoFHReEtz6Y3pBjjPA
DA:18,1,yPinsd3w8/K8G6gz2MU2MA
DA:19,1,bqPzZ06jhFK1dzz3w0NUog
DA:20,1,wXES3KzvL+lMB8/H1pBNyA
DA:21,1,XEeHzKyPNUEYrwBr1qJxJA
DA:23,1,2LUgLlspo/JnUzId/tqUZg
DA:24,1,xjcDBnSwra0OiNOAYAwoHA
DA:25,1,3OmqgPPmBBCen7H6FYGrTQ
DA:29,1,VorV/qKD0y5PZJ9N+hUh/g
DA:30,1,xjcDBnSwra0OiNOAYAwoHA
DA:31,1,lNExmwOl0aMoI4fyCSeC/g
DA:32,1,cCzhnT+1tmGi11b28Pmfwg
DA:33,1,rqOSYv65nziWPZcVBXpkDg
DA:35,1,8gRTJMUBpjyipfPWl6W09Q
DA:36,1,d8xb0ptW4V2herMjqMDfjw
DA:37,1,+kUMKIsQk1ubLcacRbOePw
DA:39,1,xjcDBnSwra0OiNOAYAwoHA
DA:40,1,bhjG58WHFvkxAyO25orhbg
DA:42,1,pc79JQiMIZV7tO9w3F5byg
DA:44,1,fpe+a+/tK80otRYIntqfdw
DA:46,1,X+OAlTZtmfPiWM1f1O5eGQ
DA:47,1,bC+h8jrk7ftispQXk17HsA
DA:50,1,SB7nrEdMv46bW8EbNJVdIw
DA:51,1,+kUMKIsQk1ubLcacRbOePw
DA:53,1,o81oSaIRSeQV/eMf2hzuxQ
DA:54,1,jmtiO/5Rbn5+onsCY9AhZg
DA:56,1,FaMWZOH1aFQFngqWJFCoHA
DA:26,0,cCzhnT+1tmGi11b28Pmfwg
DA:27,0,rqOSYv65nziWPZcVBXpkDg
DA:49,0,1SeJTygmrTAqqLyOFC3YiA
LF:40
LH:37
end_of_record
TN:
SF:C:\Python Projects\Alpha-Finance-Tracker\Auth-Service\login_app\models\user.py
DA:1,1,2JGV+RPh63KOY3wzAb8h2Q
DA:3,1,+PtvHD1zhxuY2GA6oQHOkQ
DA:4,1,3PwcQGnZ0ZbSl2wgq1sBzg
DA:5,1,wDrExouJ5fvd8oj5MNV9QQ
DA:6,1,NaK7YhiOWSCzM1PKv1f83A
DA:9,1,XLj00BSGGmtp5TwG0+xl0g
DA:11,1,n3tu8LWRAdLn5RqGBs7QpQ
DA:12,1,/gcuwdu9v7uks05B0bwJjw
DA:13,1,wJEzWn/+AHNiTZbyYxuzCQ
DA:15,1,MYpelyvM/jKwgRZSkBm0Sw
DA:16,1,ARu2BQwyh2wpUD+DX24rkw
DA:18,1,XOM6M1MBzIeHwImwNzRTOg
DA:19,1,bX8YOpRe2lbotOa8MCtZIg
DA:21,1,PXM5CAbevejLV2j+CLnuFw
DA:22,1,IBohR868fnMsMwMyfhGIUw
DA:26,1,Dxuzll59fo/COoP9ZSDjLg
DA:27,1,m2dE7pWZ2XyPBbVDRbSAOg
DA:28,1,q14APM1nmMRIPih5AzU4YQ
DA:29,1,ECmW4KJblPWNyqXP1Mlglw
DA:31,1,g4O1vlp/7jrOGYiJvXNhUw
DA:32,1,AzhDPF+QFzmYcQd3EC2n1g
DA:33,1,sxnuUIaOg76uGbtlmNa7ZQ
DA:35,1,v6r4095jWo/U/LmxHAaxvQ
DA:36,1,vpmuMIojAHG43JTC2K8mCQ
DA:38,1,C0NNbWZldU29O4LEiZEDkA
DA:39,1,/fv+TBC8X91oSybB2sCHQg
DA:41,1,xD//Fkn+kpQyWk8pVb3isQ
DA:24,0,bX8YOpRe2lbotOa8MCtZIg
LF:28
LH:27
end_of_record
TN:
SF:C:\Python Projects\Alpha-Finance-Tracker\Auth-Service\login_app\utils\responses.py
DA:1,1,5i5mNQFOez5iLe7KeJWRMg
DA:3,1,hgpooNL3tUGYOF81Xwq5rQ
DA:4,1,s64mzR0+Ai2IMOusE7mXog
DA:7,1,SrlDF7SbudJqdfGPGS0hZg
DA:8,1,gse6lieMUpvPcJjvIjv7LQ
DA:9,1,nVKNNdn4/qZPgXedJgLbqA
DA:11,1,JrotgWElcza6Vxr8wLFxhA
DA:12,1,BFW08CaNV28MGRypTZMZnQ
DA:13,1,YyK5Bgk8ZFvwbDqJepEv4g
DA:15,1,hvM2VheO9umiOdOc67G62A
DA:16,1,o/hAfb2XTAIJj5hGwqSlCg
DA:19,1,SJK5sKXmvmBkGKRnEFQ+rw
DA:20,1,PToqJv/BEs/wfgxuz1mlSQ
DA:23,1,rdQz+xJOi+PoMoFdCItWmw
DA:24,1,wZPwvVoVgFQmBpLcMGdSqA
DA:28,1,ILgM8PTCE/PMvr5uLtgh2Q
DA:29,1,PtfF1JgUCUmAbcfqlxpfpQ
DA:30,1,UtfCLO5VZRx29/GKbHRDtA
DA:5,0,5l2w0eg7poQJNxaWR/xKAQ
DA:17,0,W040Btx63z/sKOI+NEmgvQ
DA:21,0,9OmRYn3C1TRW2syySCNZ+Q
DA:25,0,0fj1mNvizY5VfBTgdtl5Eg
LF:22
LH:18
end_of_record
