TN:
SF:C:\Python Projects\Alpha-Finance-Tracker\Auth-Service\login_app\api\routers\auth_router.py
DA:1,1,iZxyVxKghy68kSkL8J24KA
DA:2,1,SgHtpy4TAKhCcRRv/I1awA
DA:3,1,qjsmskqPcOtBbZS3w7qQrg
DA:4,1,VNGZwOvMR5Bp0lKEbwlKYw
DA:5,1,5CT4HTHh4ANc7bThU/ZJlQ
DA:8,1,riZXudrEK7hzW5LyRL5yxQ
DA:10,1,QUED8kmZkQ3BKWzssg0C1Q
DA:13,1,SfK/bVXHTnEsPCP8SkZzMg
DA:14,1,jZil1jO9T0TjIyjCW/w5QQ
DA:33,1,HTYK7bdBS8WZJqt37G23PA
DA:34,1,GZJG2vhFAi0iyT/acWleNg
DA:48,1,+aii/cej0SjdJHOXiVoaiA
DA:51,1,h1NuYG+flLnfVkFBx/nrEw
DA:52,1,6j5UzxZqgDdwerZ/t/cSWg
DA:70,1,TrvpcD9sf6D0vRU/ngGa1A
DA:71,1,u4xdO4EyynQH0FXUHWqnHQ
DA:88,1,JwvGMFrk4aHjum19OrGFZg
DA:89,1,2ATFA7f0dIio370SsMQQmw
DA:107,1,GcPn0yGNv32BSAGxge+6BA
DA:108,1,K9cRoGs4sM9+rxJv6uut8Q
DA:30,0,MeeGFT9wYBxpsQJk8btI4Q
DA:67,0,F2JyUUELxZfOTe5FcbCS8Q
DA:85,0,qOBrKmiPo1qTPXGUKvQweg
DA:104,0,uTuo91hc40nWvUP55RVd5w
DA:123,0,8t4MQ3dIYQ0gRDgqqXct0g
LF:25
LH:20
end_of_record
TN:
SF:C:\Python Projects\Alpha-Finance-Tracker\Auth-Service\login_app\api\services\auth_service.py
DA:1,1,2JGV+RPh63KOY3wzAb8h2Q
DA:3,1,g8bI3AxS8S5utwqHP0Z0mQ
DA:4,1,3PwcQGnZ0ZbSl2wgq1sBzg
DA:5,1,wDrExouJ5fvd8oj5MNV9QQ
DA:6,1,NaK7YhiOWSCzM1PKv1f83A
DA:9,1,PcIhvOFB896vMCye13rmeg
DA:11,1,n3tu8LWRAdLn5RqGBs7QpQ
DA:12,1,/gcuwdu9v7uks05B0bwJjw
DA:13,1,wJEzWn/+AHNiTZbyYxuzCQ
DA:15,1,v6r4095jWo/U/LmxHAaxvQ
DA:26,1,Dxuzll59fo/COoP9ZSDjLg
DA:27,1,jOXI2IQ8dUPUR1eJrCkBCQ
DA:28,1,0uJlt6SRQ8Qz9VvA0qqbJw
DA:31,1,g4O1vlp/7jrOGYiJvXNhUw
DA:32,1,LgqxfwJK0tpZQ/A1larpxQ
DA:34,1,MYpelyvM/jKwgRZSkBm0Sw
DA:16,0,17GQ5oovnSA68ggcnUPE/w
DA:18,0,VHj+H+o0PqDLILBuMrqSDA
DA:19,0,311wA1Ncp96A5DEefo9jcw
DA:21,0,xD//Fkn+kpQyWk8pVb3isQ
DA:29,0,8swb+sZxpeV5Kef92wNoWg
DA:35,0,kMvHiPGTHP6oSThctB3NGQ
DA:37,0,xcNXDpeSiCKloUxkz4N+0g
DA:38,0,aSJ+ltzQyUTCy5SG5DHuzQ
DA:40,0,oBhUSU2LIRzITpaN3+kzEA
DA:41,0,Q5uCYqAPPE0CFmWp4C5c6g
DA:43,0,bX8YOpRe2lbotOa8MCtZIg
LF:27
LH:16
end_of_record
TN:
SF:C:\Python Projects\Alpha-Finance-Tracker\Auth-Service\login_app\api\services\token_service.py
DA:1,1,3PwcQGnZ0ZbSl2wgq1sBzg
DA:2,1,wDrExouJ5fvd8oj5MNV9QQ
DA:3,1,g8bI3AxS8S5utwqHP0Z0mQ
DA:6,1,tFDCyN0bS2BveLpVj+XxSQ
DA:8,1,kJ/h3EmxJE2rUTuB4gAEbw
DA:11,1,oncZrn1qHYvTt72nTe2mQA
DA:14,1,KTnJI+fajJv1fvAkl/fwHQ
DA:17,1,TpqA16WYsJTrlRwBb1+Whg
DA:24,1,VsYdod583tn9IGMYLSBDqA
DA:9,0,bqPzZ06jhFK1dzz3w0NUog
DA:12,0,3c2YeRHViHVR8dJiq6J/4Q
DA:15,0,phtYyn7GIx8/DcjH2nQ0IQ
DA:18,0,Wnr70CCbtetw9vQGqL4Haw
DA:19,0,EUJKgnOp8SSKfScVQeWLgA
DA:21,0,0mJdFqPKrJcj7L83PL3tcw
DA:22,0,+s0Kj3VmklZpSfEMVQ4RpQ
DA:25,0,Wnr70CCbtetw9vQGqL4Haw
DA:27,0,EUJKgnOp8SSKfScVQeWLgA
DA:28,0,mUoYzuWEK+FQXBjuYuR5oA
LF:19
LH:9
end_of_record
TN:
SF:C:\Python Projects\Alpha-Finance-Tracker\Auth-Service\login_app\database\config.py
DA:1,1,hyoFs7Q2kEx+ZBdXo1gcBA
DA:3,1,3fOm3DkA091z0Q8FDEpq5w
DA:4,1,TjtQ0hJLnFmMl++nQgS2iw
DA:5,1,SARpxQfpJNTUgPOy1JQ77w
DA:6,1,TxEkDxszf+f9fzyDptX8QQ
DA:7,1,4mUSNFisLv47S+4QW9yvrg
DA:8,1,+o8wz7Dpy0zRkAdaFstR/Q
DA:10,1,Dxo3EGXYgUC507aKE8eW4Q
DA:12,1,IigJO3ZV803b/ejhiQXcRw
DA:13,1,U5A64lAAwqILLI83T3BAAw
LF:10
LH:10
end_of_record
TN:
SF:C:\Python Projects\Alpha-Finance-Tracker\Auth-Service\login_app\database\database.py
DA:1,1,lKWbyJnhh5fcCqMfuH8JPw
DA:2,1,ZBuURFYjqBZc5UQjkSAzFQ
DA:3,1,DTFvkDZpgrcuB9VTEe7NwA
DA:4,1,0B6z2YSYoiVWaaDs8ol8GA
DA:5,1,8zMIFXeQkwpMgocvS6jJGw
DA:7,1,3rYYMBN/fs1Md0jjHSycHw
DA:8,1,a9vrQjb4ih2gNwUKK8GGgA
DA:9,1,HrdHYcKAHIDLJiC2ym2SsA
DA:14,1,bUl7B+ZWav9xrtJK8wQ0QA
DA:16,1,vzDZCBezA5zqkZD7uuXuUw
DA:21,1,+X23RayEULpZuoEkBOYTyQ
DA:11,0,mMqhmjLaa3xyvD3205iq/Q
DA:12,0,XFRqoKLWH/98a4234h2VqQ
DA:17,0,8v+iO1PbAg/1yDwwt6hBng
DA:18,0,r14kk77qgGIfo3uAwgbhtw
DA:32,0,Tn9vVkXws9s7CKv4WjtM7Q
DA:33,0,xjcDBnSwra0OiNOAYAwoHA
DA:34,0,le7obBRDTsdws81DdN0OTQ
DA:35,0,H7JPVUhjZ/w3/VYU6Bv6IQ
DA:36,0,+GWsphdhRejlMnre9sqPXA
DA:37,0,KOhx1tSGfMtJDsL7Y40S5g
DA:38,0,0ml07jP0q8pDgiyWbXJvAQ
DA:39,0,AkAl9hbl+Kr1wlx7+ei7vw
DA:40,0,/w13A8xpPj8jYBHeOw7S2g
DA:41,0,udOBUJV9vv4PUqF30bJQWA
DA:43,0,pEMRfctrSPI5xOIKAwge7w
DA:44,0,aJN5Cq7Wz+0iefx8zlGUHA
DA:45,0,55uGbdXDayzplXY53YJLCg
DA:46,0,pm5nIV5TQi4DUq00uDkpKw
DA:47,0,N6rPuiHbsfZ12FynUX4n2Q
DA:48,0,HqlXAcXZnYzbmAOWKp4ezg
LF:31
LH:11
end_of_record
TN:
SF:C:\Python Projects\Alpha-Finance-Tracker\Auth-Service\login_app\database\models\user.py
DA:1,1,NdHPLEB6ozqAVEZUQ92qQQ
DA:2,1,ZBuURFYjqBZc5UQjkSAzFQ
DA:4,1,xQsuksSsJfmcdwZvvLcBLA
DA:7,1,dXmgqgVH/RW6qx+SIVBGQw
DA:8,1,ZoP+Z9hkQ70M5cld5evFEg
DA:10,1,0o+Fv1uQhGowxAF7rtdFyw
DA:11,1,n3GLG00YUf0KPlKdS5WO6g
DA:12,1,zPi1/eU4/Sv8GxsfSYvHXw
DA:13,1,MmExCeBptT6S4giPLw3B2Q
DA:15,1,Nnqu9X+lU2lagW39QNhFWA
DA:16,1,yVPk5I99XeZk4LWpYdecqg
DA:29,1,Nnqu9X+lU2lagW39QNhFWA
DA:30,1,0FZLVTume1wEnD6nGGGQjg
DA:17,0,lczCtZFzPLetq1OdUcWt0Q
DA:19,0,utiiatARrv1ZFHAGsPZmQA
DA:20,0,xvWIcpcyNr0gyGcTkdMxXw
DA:21,0,hhZnAEwx9U2QtRRAhseziQ
DA:22,0,nFwbFD0JuoLb+76JG5meOQ
DA:23,0,NOl7j+7pfxh0bEWq9EBa4Q
DA:24,0,SGR0L68Mwgxb2fE3L+c/Ug
DA:25,0,a2OUTBdxS74yTXVfHOYkBw
DA:26,0,XmocymKr+NmFYLo69hdBcQ
DA:27,0,MvRvPGxXR1XzElXxrIVElA
DA:31,0,G04IsKYCQ75kuFaO4nNgAA
DA:33,0,utiiatARrv1ZFHAGsPZmQA
DA:34,0,xvWIcpcyNr0gyGcTkdMxXw
DA:35,0,r/b/C0Xf+Hh90jJFmIjb5A
DA:36,0,3a6VsFdxjwZdO1u4S7/oVw
DA:37,0,rJpS20P6jQRg2UqgciPGjw
DA:38,0,a2OUTBdxS74yTXVfHOYkBw
DA:39,0,zE/eZDqM5egPLXe8Wd17NA
DA:40,0,/W4iJooeY7qd9EIZRjFY6w
DA:41,0,cCRRW8B0ujau2m6OxX0Tag
LF:33
LH:13
end_of_record
TN:
SF:C:\Python Projects\Alpha-Finance-Tracker\Auth-Service\login_app\models\access_token.py
DA:1,1,7Z9Lj4ed27Wf2hBX6jooEA
DA:2,1,usL6GpKXVxVT8icw7bX7uQ
DA:4,1,oBn3m+aX07XSXyLZ7hhJvQ
DA:5,1,np/w8HfIkwRCmaQpJ938aQ
DA:6,1,92G/ezmjG0FeDT6gmNb1kg
DA:7,1,+y4OKSl7HoSEJPEaMBA1YQ
DA:9,1,ZI88TRQb2c3IrifCrqN8eg
DA:10,1,EUWeeZhms9JDe2qplh1ssg
DA:11,1,OFnByLyst52lgBeyJT+usw
DA:14,1,iijJutNDgAvdUJAnWDtH7A
DA:15,1,jn650DC+2djaHfo9x5pzjA
DA:17,1,xyGAZG4Tcg7Zl1HaFV/pow
DA:21,1,+b8D2sCImhCvN78cf1pi4g
DA:27,1,hPrA0XDroyafLeWEA8+JXg
DA:33,1,9T7sA32oFDRSRgj7u84DJA
DA:47,1,rh6gsvaCIimz5Crzini/3Q
DA:18,0,bqPzZ06jhFK1dzz3w0NUog
DA:19,0,sKBkaC5Rqw0FBuUGwIUuvg
DA:22,0,xjcDBnSwra0OiNOAYAwoHA
DA:23,0,3OmqgPPmBBCen7H6FYGrTQ
DA:24,0,cCzhnT+1tmGi11b28Pmfwg
DA:25,0,rqOSYv65nziWPZcVBXpkDg
DA:28,0,xjcDBnSwra0OiNOAYAwoHA
DA:29,0,lNExmwOl0aMoI4fyCSeC/g
DA:30,0,cCzhnT+1tmGi11b28Pmfwg
DA:31,0,rqOSYv65nziWPZcVBXpkDg
DA:34,0,d8xb0ptW4V2herMjqMDfjw
DA:35,0,+kUMKIsQk1ubLcacRbOePw
DA:37,0,xjcDBnSwra0OiNOAYAwoHA
DA:38,0,EcuDBbMJ/3d9lyoQg6aFdQ
DA:39,0,pc79JQiMIZV7tO9w3F5byg
DA:41,0,xvqyN10rybVzmwVoXMjkyw
DA:42,0,MbvAdLFPiPDOBMmh5Dt/KA
DA:44,0,SB7nrEdMv46bW8EbNJVdIw
DA:45,0,+kUMKIsQk1ubLcacRbOePw
DA:48,0,HN/b9tzRNyb8PhjCa2mWfw
DA:50,0,SMVUJ9jfsJU8LRcHp2Xcbw
DA:55,0,CPG/l+Y2jilcxoBuVgD1kg
LF:38
LH:16
end_of_record
TN:
SF:C:\Python Projects\Alpha-Finance-Tracker\Auth-Service\login_app\models\base_models\token.py
DA:1,1,k81x/t5pGxLz/XFyvKTmJw
DA:4,1,+0zRWLqoQ3bQnmS/XvH16g
DA:6,1,XoVUOkRyu3PGO4dLV1agZw
DA:7,1,+MswoEELLosnXKKIj3/Bog
DA:10,1,XoVUOkRyu3PGO4dLV1agZw
DA:11,1,hPrA0XDroyafLeWEA8+JXg
DA:14,1,XoVUOkRyu3PGO4dLV1agZw
DA:15,1,9T7sA32oFDRSRgj7u84DJA
DA:18,1,XoVUOkRyu3PGO4dLV1agZw
DA:19,1,rh6gsvaCIimz5Crzini/3Q
DA:8,0,ZsPI7IOzVWacIAL6deimNw
DA:12,0,ZsPI7IOzVWacIAL6deimNw
DA:16,0,ZsPI7IOzVWacIAL6deimNw
DA:20,0,ZsPI7IOzVWacIAL6deimNw
LF:14
LH:10
end_of_record
TN:
SF:C:\Python Projects\Alpha-Finance-Tracker\Auth-Service\login_app\models\refresh_token.py
DA:1,1,7Z9Lj4ed27Wf2hBX6jooEA
DA:2,1,usL6GpKXVxVT8icw7bX7uQ
DA:4,1,oBn3m+aX07XSXyLZ7hhJvQ
DA:5,1,np/w8HfIkwRCmaQpJ938aQ
DA:7,1,92G/ezmjG0FeDT6gmNb1kg
DA:8,1,+y4OKSl7HoSEJPEaMBA1YQ
DA:10,1,ZI88TRQb2c3IrifCrqN8eg
DA:11,1,EUWeeZhms9JDe2qplh1ssg
DA:12,1,OFnByLyst52lgBeyJT+usw
DA:15,1,kxEPmoePN3s96mMTtxIVyA
DA:16,1,tPFPhoFHReEtz6Y3pBjjPA
DA:18,1,xyGAZG4Tcg7Zl1HaFV/pow
DA:22,1,+b8D2sCImhCvN78cf1pi4g
DA:28,1,hPrA0XDroyafLeWEA8+JXg
DA:34,1,9T7sA32oFDRSRgj7u84DJA
DA:52,1,rh6gsvaCIimz5Crzini/3Q
DA:19,0,bqPzZ06jhFK1dzz3w0NUog
DA:20,0,sKBkaC5Rqw0FBuUGwIUuvg
DA:23,0,xjcDBnSwra0OiNOAYAwoHA
DA:24,0,3OmqgPPmBBCen7H6FYGrTQ
DA:25,0,cCzhnT+1tmGi11b28Pmfwg
DA:26,0,rqOSYv65nziWPZcVBXpkDg
DA:29,0,xjcDBnSwra0OiNOAYAwoHA
DA:30,0,lNExmwOl0aMoI4fyCSeC/g
DA:31,0,cCzhnT+1tmGi11b28Pmfwg
DA:32,0,rqOSYv65nziWPZcVBXpkDg
DA:35,0,d8xb0ptW4V2herMjqMDfjw
DA:36,0,+kUMKIsQk1ubLcacRbOePw
DA:38,0,xjcDBnSwra0OiNOAYAwoHA
DA:39,0,EcuDBbMJ/3d9lyoQg6aFdQ
DA:41,0,pc79JQiMIZV7tO9w3F5byg
DA:43,0,fpe+a+/tK80otRYIntqfdw
DA:45,0,X+OAlTZtmfPiWM1f1O5eGQ
DA:46,0,bC+h8jrk7ftispQXk17HsA
DA:48,0,1SeJTygmrTAqqLyOFC3YiA
DA:49,0,SB7nrEdMv46bW8EbNJVdIw
DA:50,0,+kUMKIsQk1ubLcacRbOePw
DA:53,0,LQpK9Lid2p2bKTJV4gPllQ
DA:55,0,SMVUJ9jfsJU8LRcHp2Xcbw
DA:57,0,CPG/l+Y2jilcxoBuVgD1kg
LF:40
LH:16
end_of_record
TN:
SF:C:\Python Projects\Alpha-Finance-Tracker\Auth-Service\login_app\utils\responses.py
DA:1,1,5i5mNQFOez5iLe7KeJWRMg
DA:3,1,hgpooNL3tUGYOF81Xwq5rQ
DA:4,1,s64mzR0+Ai2IMOusE7mXog
DA:7,1,SrlDF7SbudJqdfGPGS0hZg
DA:8,1,gse6lieMUpvPcJjvIjv7LQ
DA:11,1,JrotgWElcza6Vxr8wLFxhA
DA:12,1,BFW08CaNV28MGRypTZMZnQ
DA:15,1,hvM2VheO9umiOdOc67G62A
DA:16,1,o/hAfb2XTAIJj5hGwqSlCg
DA:19,1,SJK5sKXmvmBkGKRnEFQ+rw
DA:20,1,PToqJv/BEs/wfgxuz1mlSQ
DA:23,1,rdQz+xJOi+PoMoFdCItWmw
DA:24,1,wZPwvVoVgFQmBpLcMGdSqA
DA:28,1,ILgM8PTCE/PMvr5uLtgh2Q
DA:29,1,PtfF1JgUCUmAbcfqlxpfpQ
DA:5,0,5l2w0eg7poQJNxaWR/xKAQ
DA:9,0,nVKNNdn4/qZPgXedJgLbqA
DA:13,0,YyK5Bgk8ZFvwbDqJepEv4g
DA:17,0,W040Btx63z/sKOI+NEmgvQ
DA:21,0,9OmRYn3C1TRW2syySCNZ+Q
DA:25,0,0fj1mNvizY5VfBTgdtl5Eg
DA:30,0,UtfCLO5VZRx29/GKbHRDtA
LF:22
LH:15
end_of_record
